c:\users\fatos\onedrive\работен плот\c++\blackj\x64\debug\vc143.pdb
c:\users\fatos\onedrive\работен плот\c++\blackj\x64\debug\vc143.idb
c:\users\fatos\onedrive\работен плот\c++\blackj\x64\debug\texturemanager.obj
c:\users\fatos\onedrive\работен плот\c++\blackj\x64\debug\gamestates.obj
c:\users\fatos\onedrive\работен плот\c++\blackj\x64\debug\player.obj
c:\users\fatos\onedrive\работен плот\c++\blackj\x64\debug\layoutverticalview.obj
c:\users\fatos\onedrive\работен плот\c++\blackj\x64\debug\layouthorizontalview.obj
c:\users\fatos\onedrive\работен плот\c++\blackj\x64\debug\interface.obj
c:\users\fatos\onedrive\работен плот\c++\blackj\x64\debug\game.obj
c:\users\fatos\onedrive\работен плот\c++\blackj\x64\debug\card.obj
c:\users\fatos\onedrive\работен плот\c++\blackj\x64\debug\main.obj
c:\users\fatos\onedrive\работен плот\c++\blackj\x64\debug\balance.obj
c:\users\fatos\onedrive\работен плот\c++\blackj\x64\debug\blackj.exe
c:\users\fatos\onedrive\работен плот\c++\blackj\x64\debug\blackj.ilk
c:\users\fatos\onedrive\работен плот\c++\blackj\x64\debug\blackj.pdb
c:\users\fatos\onedrive\работен плот\c++\blackj\x64\debug\blackj.tlog\cl.command.1.tlog
c:\users\fatos\onedrive\работен плот\c++\blackj\x64\debug\blackj.tlog\cl.items.tlog
c:\users\fatos\onedrive\работен плот\c++\blackj\x64\debug\blackj.tlog\cl.read.1.tlog
c:\users\fatos\onedrive\работен плот\c++\blackj\x64\debug\blackj.tlog\cl.write.1.tlog
c:\users\fatos\onedrive\работен плот\c++\blackj\x64\debug\blackj.tlog\link.command.1.tlog
c:\users\fatos\onedrive\работен плот\c++\blackj\x64\debug\blackj.tlog\link.read.1.tlog
c:\users\fatos\onedrive\работен плот\c++\blackj\x64\debug\blackj.tlog\link.write.1.tlog
